<?xml version="1.0" encoding="UTF-8"?><testsuite name="nosetests" tests="66" errors="4" failures="4" skip="0"><testcase classname="cpp_gtests_test.CPP_Test" name="test_bp_sim_client_cfg" time="0.114"><error type="exceptions.Exception" message="Non zero return status of Valgrind gtests (1)"><![CDATA[Traceback (most recent call last):
  File "/sw/packages/python/2.7.4/lib/python2.7/unittest/case.py", line 332, in run
    testMethod()
  File "/auto/srg-sce-swinfra-usr/emb/users/hhaim/work/depot/asr1k/emb/private/hhaim/bp_sim_git/trex-core/scripts/external_libs/nose-1.3.4/python2/nose/case.py", line 197, in runTest
    self.test(*self.arg)
  File "/auto/srg-sce-swinfra-usr/emb/users/hhaim/work/depot/asr1k/emb/private/hhaim/bp_sim_git/trex-core/scripts/automation/regression/functional_tests/cpp_gtests_test.py", line 55, in test_bp_sim_client_cfg
    raise Exception('Non zero return status of Valgrind gtests (%s)' % ret)
Exception: Non zero return status of Valgrind gtests (1)
]]></error><system-out><![CDATA[
Output:
/auto/srg-sce-swinfra-usr/emb/users/hhaim/work/depot/asr1k/emb/private/hhaim/bp_sim_git/trex-core/scripts/./bp-sim-64: /lib64/libz.so.1: no version information available (required by /auto/srg-sce-swinfra-usr/emb/users/hhaim/work/depot/asr1k/emb/private/hhaim/bp_sim_git/trex-core/scripts/./bp-sim-64)
/auto/srg-sce-swinfra-usr/emb/users/hhaim/work/depot/asr1k/emb/private/hhaim/bp_sim_git/trex-core/scripts/./bp-sim-64: /lib64/libpthread.so.0: version `GLIBC_2.12' not found (required by /auto/srg-sce-swinfra-usr/emb/users/hhaim/work/depot/asr1k/emb/private/hhaim/bp_sim_git/trex-core/scripts/./bp-sim-64)
/auto/srg-sce-swinfra-usr/emb/users/hhaim/work/depot/asr1k/emb/private/hhaim/bp_sim_git/trex-core/scripts/./bp-sim-64: /usr/lib64/libstdc++.so.6: version `GLIBCXX_3.4.10' not found (required by /auto/srg-sce-swinfra-usr/emb/users/hhaim/work/depot/asr1k/emb/private/hhaim/bp_sim_git/trex-core/scripts/./bp-sim-64)
/auto/srg-sce-swinfra-usr/emb/users/hhaim/work/depot/asr1k/emb/private/hhaim/bp_sim_git/trex-core/scripts/./bp-sim-64: /usr/lib64/libstdc++.so.6: version `GLIBCXX_3.4.11' not found (required by /auto/srg-sce-swinfra-usr/emb/users/hhaim/work/depot/asr1k/emb/private/hhaim/bp_sim_git/trex-core/scripts/./bp-sim-64)
/auto/srg-sce-swinfra-usr/emb/users/hhaim/work/depot/asr1k/emb/private/hhaim/bp_sim_git/trex-core/scripts/./bp-sim-64: /usr/lib64/libstdc++.so.6: version `GLIBCXX_3.4.9' not found (required by /auto/srg-sce-swinfra-usr/emb/users/hhaim/work/depot/asr1k/emb/private/hhaim/bp_sim_git/trex-core/scripts/./bp-sim-64)
/auto/srg-sce-swinfra-usr/emb/users/hhaim/work/depot/asr1k/emb/private/hhaim/bp_sim_git/trex-core/scripts/./bp-sim-64: /usr/lib64/libstdc++.so.6: version `CXXABI_1.3.5' not found (required by /auto/srg-sce-swinfra-usr/emb/users/hhaim/work/depot/asr1k/emb/private/hhaim/bp_sim_git/trex-core/scripts/./bp-sim-64)
/auto/srg-sce-swinfra-usr/emb/users/hhaim/work/depot/asr1k/emb/private/hhaim/bp_sim_git/trex-core/scripts/./bp-sim-64: /usr/lib64/libstdc++.so.6: version `GLIBCXX_3.4.15' not found (required by /auto/srg-sce-swinfra-usr/emb/users/hhaim/work/depot/asr1k/emb/private/hhaim/bp_sim_git/trex-core/scripts/./bp-sim-64)
/auto/srg-sce-swinfra-usr/emb/users/hhaim/work/depot/asr1k/emb/private/hhaim/bp_sim_git/trex-core/scripts/./bp-sim-64: /lib64/libc.so.6: version `GLIBC_2.14' not found (required by /auto/srg-sce-swinfra-usr/emb/users/hhaim/work/depot/asr1k/emb/private/hhaim/bp_sim_git/trex-core/scripts/./bp-sim-64)

]]></system-out></testcase><testcase classname="cpp_gtests_test.CPP_Test" name="test_gtests_all" time="0.107"><error type="exceptions.Exception" message="Non zero return status of gtests (1)"><![CDATA[Traceback (most recent call last):
  File "/sw/packages/python/2.7.4/lib/python2.7/unittest/case.py", line 332, in run
    testMethod()
  File "/auto/srg-sce-swinfra-usr/emb/users/hhaim/work/depot/asr1k/emb/private/hhaim/bp_sim_git/trex-core/scripts/external_libs/nose-1.3.4/python2/nose/case.py", line 197, in runTest
    self.test(*self.arg)
  File "/auto/srg-sce-swinfra-usr/emb/users/hhaim/work/depot/asr1k/emb/private/hhaim/bp_sim_git/trex-core/scripts/automation/regression/functional_tests/cpp_gtests_test.py", line 40, in test_gtests_all
    raise Exception('Non zero return status of gtests (%s)' % ret)
Exception: Non zero return status of gtests (1)
]]></error><system-out><![CDATA[
Output:
/auto/srg-sce-swinfra-usr/emb/users/hhaim/work/depot/asr1k/emb/private/hhaim/bp_sim_git/trex-core/scripts/bp-sim-64: /lib64/libz.so.1: no version information available (required by /auto/srg-sce-swinfra-usr/emb/users/hhaim/work/depot/asr1k/emb/private/hhaim/bp_sim_git/trex-core/scripts/bp-sim-64)
/auto/srg-sce-swinfra-usr/emb/users/hhaim/work/depot/asr1k/emb/private/hhaim/bp_sim_git/trex-core/scripts/bp-sim-64: /lib64/libpthread.so.0: version `GLIBC_2.12' not found (required by /auto/srg-sce-swinfra-usr/emb/users/hhaim/work/depot/asr1k/emb/private/hhaim/bp_sim_git/trex-core/scripts/bp-sim-64)
/auto/srg-sce-swinfra-usr/emb/users/hhaim/work/depot/asr1k/emb/private/hhaim/bp_sim_git/trex-core/scripts/bp-sim-64: /usr/lib64/libstdc++.so.6: version `GLIBCXX_3.4.10' not found (required by /auto/srg-sce-swinfra-usr/emb/users/hhaim/work/depot/asr1k/emb/private/hhaim/bp_sim_git/trex-core/scripts/bp-sim-64)
/auto/srg-sce-swinfra-usr/emb/users/hhaim/work/depot/asr1k/emb/private/hhaim/bp_sim_git/trex-core/scripts/bp-sim-64: /usr/lib64/libstdc++.so.6: version `GLIBCXX_3.4.11' not found (required by /auto/srg-sce-swinfra-usr/emb/users/hhaim/work/depot/asr1k/emb/private/hhaim/bp_sim_git/trex-core/scripts/bp-sim-64)
/auto/srg-sce-swinfra-usr/emb/users/hhaim/work/depot/asr1k/emb/private/hhaim/bp_sim_git/trex-core/scripts/bp-sim-64: /usr/lib64/libstdc++.so.6: version `GLIBCXX_3.4.9' not found (required by /auto/srg-sce-swinfra-usr/emb/users/hhaim/work/depot/asr1k/emb/private/hhaim/bp_sim_git/trex-core/scripts/bp-sim-64)
/auto/srg-sce-swinfra-usr/emb/users/hhaim/work/depot/asr1k/emb/private/hhaim/bp_sim_git/trex-core/scripts/bp-sim-64: /usr/lib64/libstdc++.so.6: version `CXXABI_1.3.5' not found (required by /auto/srg-sce-swinfra-usr/emb/users/hhaim/work/depot/asr1k/emb/private/hhaim/bp_sim_git/trex-core/scripts/bp-sim-64)
/auto/srg-sce-swinfra-usr/emb/users/hhaim/work/depot/asr1k/emb/private/hhaim/bp_sim_git/trex-core/scripts/bp-sim-64: /usr/lib64/libstdc++.so.6: version `GLIBCXX_3.4.15' not found (required by /auto/srg-sce-swinfra-usr/emb/users/hhaim/work/depot/asr1k/emb/private/hhaim/bp_sim_git/trex-core/scripts/bp-sim-64)
/auto/srg-sce-swinfra-usr/emb/users/hhaim/work/depot/asr1k/emb/private/hhaim/bp_sim_git/trex-core/scripts/bp-sim-64: /lib64/libc.so.6: version `GLIBC_2.14' not found (required by /auto/srg-sce-swinfra-usr/emb/users/hhaim/work/depot/asr1k/emb/private/hhaim/bp_sim_git/trex-core/scripts/bp-sim-64)

]]></system-out></testcase><testcase classname="cpp_gtests_test.CPP_Test" name="test_gtests_valgrind" time="0.708"><error type="exceptions.Exception" message="Non zero return status of Valgrind gtests (1)"><![CDATA[Traceback (most recent call last):
  File "/sw/packages/python/2.7.4/lib/python2.7/unittest/case.py", line 332, in run
    testMethod()
  File "/auto/srg-sce-swinfra-usr/emb/users/hhaim/work/depot/asr1k/emb/private/hhaim/bp_sim_git/trex-core/scripts/external_libs/nose-1.3.4/python2/nose/case.py", line 197, in runTest
    self.test(*self.arg)
  File "/auto/srg-sce-swinfra-usr/emb/users/hhaim/work/depot/asr1k/emb/private/hhaim/bp_sim_git/trex-core/scripts/automation/regression/functional_tests/cpp_gtests_test.py", line 47, in test_gtests_valgrind
    raise Exception('Non zero return status of Valgrind gtests (%s)' % ret)
Exception: Non zero return status of Valgrind gtests (1)
]]></error><system-out><![CDATA[
Output:
==2853== Memcheck, a memory error detector
==2853== Copyright (C) 2002-2012, and GNU GPL'd, by Julian Seward et al.
==2853== Using Valgrind-3.8.1 and LibVEX; rerun with -h for copyright info
==2853== Command: ./bp-sim-64 --ut --gtest_filter=basic_*
==2853== 
./bp-sim-64: /lib64/libz.so.1: no version information available (required by ./bp-sim-64)
./bp-sim-64: /lib64/libpthread.so.0: version `GLIBC_2.12' not found (required by ./bp-sim-64)
./bp-sim-64: /usr/lib64/libstdc++.so.6: version `GLIBCXX_3.4.10' not found (required by ./bp-sim-64)
./bp-sim-64: /usr/lib64/libstdc++.so.6: version `GLIBCXX_3.4.11' not found (required by ./bp-sim-64)
./bp-sim-64: /usr/lib64/libstdc++.so.6: version `GLIBCXX_3.4.9' not found (required by ./bp-sim-64)
./bp-sim-64: /usr/lib64/libstdc++.so.6: version `CXXABI_1.3.5' not found (required by ./bp-sim-64)
./bp-sim-64: /usr/lib64/libstdc++.so.6: version `GLIBCXX_3.4.15' not found (required by ./bp-sim-64)
./bp-sim-64: /lib64/libc.so.6: version `GLIBC_2.14' not found (required by ./bp-sim-64)
==2853== Jump to the invalid address stated on the next line
==2853==    at 0x426: ???
==2853==    by 0x3DC320D0A0: _dl_receive_error (in /lib64/ld-2.5.so)
==2853==    by 0x3DC3203304: dl_main (in /lib64/ld-2.5.so)
==2853==    by 0x3DC32134EA: _dl_sysdep_start (in /lib64/ld-2.5.so)
==2853==    by 0x3DC3201389: _dl_start (in /lib64/ld-2.5.so)
==2853==    by 0x3DC3200A77: ??? (in /lib64/ld-2.5.so)
==2853==    by 0x2: ???
==2853==    by 0x7FEFFF0DE: ???
==2853==    by 0x7FEFFF0EA: ???
==2853==    by 0x7FEFFF0EF: ???
==2853==  Address 0x426 is not stack'd, malloc'd or (recently) free'd
==2853== 
==2853== 
==2853== Process terminating with default action of signal 11 (SIGSEGV): dumping core
==2853==  Bad permissions for mapped region at address 0x426
==2853==    at 0x426: ???
==2853==    by 0x3DC320D0A0: _dl_receive_error (in /lib64/ld-2.5.so)
==2853==    by 0x3DC3203304: dl_main (in /lib64/ld-2.5.so)
==2853==    by 0x3DC32134EA: _dl_sysdep_start (in /lib64/ld-2.5.so)
==2853==    by 0x3DC3201389: _dl_start (in /lib64/ld-2.5.so)
==2853==    by 0x3DC3200A77: ??? (in /lib64/ld-2.5.so)
==2853==    by 0x2: ???
==2853==    by 0x7FEFFF0DE: ???
==2853==    by 0x7FEFFF0EA: ???
==2853==    by 0x7FEFFF0EF: ???
==2853== 
==2853== HEAP SUMMARY:
==2853==     in use at exit: 0 bytes in 0 blocks
==2853==   total heap usage: 0 allocs, 0 frees, 0 bytes allocated
==2853== 
==2853== All heap blocks were freed -- no leaks are possible
==2853== 
==2853== For counts of detected and suppressed errors, rerun with: -v
==2853== ERROR SUMMARY: 1 errors from 1 contexts (suppressed: 3 from 3)

]]></system-out></testcase><testcase classname="filters_test.ToggleFilter_Test" name="test_dict_toggeling" time="0.001"></testcase><testcase classname="filters_test.ToggleFilter_Test" name="test_dict_toggeling_negative" time="0.000"></testcase><testcase classname="filters_test.ToggleFilter_Test" name="test_dont_show_after_init" time="0.000"></testcase><testcase classname="filters_test.ToggleFilter_Test" name="test_init_with_dict" time="0.000"></testcase><testcase classname="filters_test.ToggleFilter_Test" name="test_init_with_list" time="0.000"></testcase><testcase classname="filters_test.ToggleFilter_Test" name="test_init_with_non_iterable" time="0.000"></testcase><testcase classname="filters_test.ToggleFilter_Test" name="test_init_with_set" time="0.000"></testcase><testcase classname="filters_test.ToggleFilter_Test" name="test_init_with_tuple" time="0.000"></testcase><testcase classname="filters_test.ToggleFilter_Test" name="test_list_toggeling" time="0.000"></testcase><testcase classname="filters_test.ToggleFilter_Test" name="test_list_toggling_negative" time="0.000"></testcase><testcase classname="filters_test.ToggleFilter_Test" name="test_toggle_multiple_items" time="0.000"></testcase><testcase classname="misc_methods_test.MiscMethods_Test" name="test_gen_ipv4_to_limit" time="0.002"></testcase><testcase classname="misc_methods_test.MiscMethods_Test" name="test_gen_ipv6_to_limit" time="0.025"></testcase><testcase classname="misc_methods_test.MiscMethods_Test" name="test_get_ipv4_client_addr" time="0.001"></testcase><testcase classname="misc_methods_test.MiscMethods_Test" name="test_get_ipv6_client_addr" time="0.001"></testcase><testcase classname="misc_methods_test.MiscMethods_Test" name="test_ipv4_client_addr_exception" time="0.001"></testcase><testcase classname="misc_methods_test.MiscMethods_Test" name="test_ipv4_gen" time="0.004"></testcase><testcase classname="misc_methods_test.MiscMethods_Test" name="test_ipv6_client_addr_exception" time="0.000"></testcase><testcase classname="misc_methods_test.MiscMethods_Test" name="test_ipv6_gen" time="0.002"></testcase><testcase classname="platform_cmd_cache_test.CCommandCache_Test" name="test_add" time="0.001"></testcase><testcase classname="platform_cmd_cache_test.CCommandCache_Test" name="test_clear_cache" time="0.001"></testcase><testcase classname="platform_cmd_cache_test.CCommandCache_Test" name="test_dump_config" time="0.001"></testcase><testcase classname="platform_cmd_cache_test.CCommandCache_Test" name="test_get_config_list" time="0.001"></testcase><testcase classname="platform_cmd_link_test.CCommandLink_Test" name="test_clear_history" time="0.001"><system-out><![CDATA[show ip interface brief
]]></system-out></testcase><testcase classname="platform_cmd_link_test.CCommandLink_Test" name="test_run_cached_command" time="0.001"><system-out><![CDATA[configure terminal
interface GigabitEthernet0/0/1
ip nbar protocol-discovery
interface GigabitEthernet0/0/2
ip nbar protocol-discovery
exit
arp 1.1.1.1 0000.0001.0000 arpa
arp 1.1.2.1 0000.0002.0000 arpa
exit
show ip nbar protocol-discovery stats packet-count
configure terminal
interface GigabitEthernet0/0/1
ip nbar protocol-discovery
interface GigabitEthernet0/0/2
ip nbar protocol-discovery
exit
arp 1.1.1.1 0000.0001.0000 arpa
arp 1.1.2.1 0000.0002.0000 arpa
exit
show ip nbar protocol-discovery stats packet-count
]]></system-out></testcase><testcase classname="platform_cmd_link_test.CCommandLink_Test" name="test_run_mixed_commands" time="0.001"><system-out><![CDATA[show ip nbar protocol-discovery stats packet-count
configure terminal
interface GigabitEthernet0/0/1
ip nbar protocol-discovery
interface GigabitEthernet0/0/2
ip nbar protocol-discovery
exit
arp 1.1.1.1 0000.0001.0000 arpa
arp 1.1.2.1 0000.0002.0000 arpa
exit
show ip nbar protocol-discovery stats packet-count
show ip interface brief
]]></system-out></testcase><testcase classname="platform_cmd_link_test.CCommandLink_Test" name="test_run_single_command" time="0.001"><system-out><![CDATA[show ip nbar protocol-discovery stats packet-count
]]></system-out></testcase><testcase classname="platform_cmd_link_test.CCommandLink_Test" name="test_transmit" time="0.001"></testcase><testcase classname="platform_device_cfg_test.CDeviceCfg_Test" name="test_get_interfaces_cfg" time="0.015"></testcase><testcase classname="platform_dual_if_obj_test.CDualIfObj_Test" name="test_get_vrf_name" time="0.000"></testcase><testcase classname="platform_dual_if_obj_test.CDualIfObj_Test" name="test_id_allocation" time="0.000"></testcase><testcase classname="platform_dual_if_obj_test.CDualIfObj_Test" name="test_is_duplicated" time="0.000"></testcase><testcase classname="platform_if_manager_test.CIfManager_Test" name="test_load_config" time="0.016"></testcase><testcase classname="platform_if_obj_test.CIfObj_Test" name="test_get_dest_mac" time="0.001"></testcase><testcase classname="platform_if_obj_test.CIfObj_Test" name="test_get_ipv4_addr" time="0.001"></testcase><testcase classname="platform_if_obj_test.CIfObj_Test" name="test_get_ipv6_addr" time="0.001"></testcase><testcase classname="platform_if_obj_test.CIfObj_Test" name="test_get_name" time="0.001"></testcase><testcase classname="platform_if_obj_test.CIfObj_Test" name="test_get_src_mac_addr" time="0.001"></testcase><testcase classname="platform_if_obj_test.CIfObj_Test" name="test_get_type" time="0.001"></testcase><testcase classname="platform_if_obj_test.CIfObj_Test" name="test_id_allocation" time="0.001"></testcase><testcase classname="platform_if_obj_test.CIfObj_Test" name="test_isClient" time="0.001"></testcase><testcase classname="platform_if_obj_test.CIfObj_Test" name="test_isServer" time="0.001"></testcase><testcase classname="scapy_pkt_builder_test.CTRexPktBuilderSanitySCapy_Test" name="test_simple_mac_default" time="0.003"></testcase><testcase classname="scapy_pkt_builder_test.CTRexPktBuilderSanitySCapy_Test" name="test_simple_no_vm1" time="0.005"><system-out><![CDATA[instructions: []
split_by_var: ''

]]></system-out></testcase><testcase classname="scapy_pkt_builder_test.CTRexPktBuilderSanitySCapy_Test" name="test_simple_pkt_loader" time="0.006"><system-out><![CDATA[
(0, 0, 60)
0000   00 50 56 80 0D 28 00 DE  01 0A 01 00 08 00 45 00   .PV..(........E.
0010   00 2E 00 00 40 00 40 11  6F BD 65 00 00 01 66 00   ....@.@.o.e...f.
0020   00 01 07 D1 07 D1 00 1A  04 98 DE AD BE EF 00 01   ................
0030   06 07 08 09 0A 0B 00 9B  E7 DB 82 4D               ...........M
None
]]></system-out></testcase><testcase classname="scapy_pkt_builder_test.CTRexPktBuilderSanitySCapy_Test" name="test_simple_pkt_loader1" time="0.021"><system-out><![CDATA[
0000   00 50 56 80 0D 28 00 DE  01 0A 01 00 08 00 45 00   .PV..(........E.
0010   02 40 00 00 40 00 40 11  6D AB 65 00 00 01 66 00   .@..@.@.m.e...f.
0020   00 01 07 D2 07 D2 02 2C  CA 08 DE AD BE EF 00 01   .......,........
0030   06 07 08 09 0A 0B 0C 0D  0E 0F 10 11 12 13 14 15   ................
0040   16 17 18 19 1A 1B 1C 1D  1E 1F 20 21 22 23 24 25   .......... !"#$%
0050   26 27 28 29 2A 2B 2C 2D  2E 2F 30 31 32 33 34 35   &'()*+,-./012345
0060   36 37 38 39 3A 3B 3C 3D  3E 3F 40 41 42 43 44 45   6789:;<=>?@ABCDE
0070   46 47 48 49 4A 4B 4C 4D  4E 4F 50 51 52 53 54 55   FGHIJKLMNOPQRSTU
0080   56 57 58 59 5A 5B 5C 5D  5E 5F 60 61 62 63 64 65   VWXYZ[\]^_`abcde
0090   66 67 68 69 6A 6B 6C 6D  6E 6F 70 71 72 73 74 75   fghijklmnopqrstu
00a0   76 77 78 79 7A 7B 7C 7D  7E 7F 80 81 82 83 84 85   vwxyz{|}~.......
00b0   86 87 88 89 8A 8B 8C 8D  8E 8F 90 91 92 93 94 95   ................
00c0   96 97 98 99 9A 9B 9C 9D  9E 9F A0 A1 A2 A3 A4 A5   ................
00d0   A6 A7 A8 A9 AA AB AC AD  AE AF B0 B1 B2 B3 B4 B5   ................
00e0   B6 B7 B8 B9 BA BB BC BD  BE BF C0 C1 C2 C3 C4 C5   ................
00f0   C6 C7 C8 C9 CA CB CC CD  CE CF D0 D1 D2 D3 D4 D5   ................
0100   D6 D7 D8 D9 DA DB DC DD  DE DF E0 E1 E2 E3 E4 E5   ................
0110   E6 E7 E8 E9 EA EB EC ED  EE EF F0 F1 F2 F3 F4 F5   ................
0120   F6 F7 F8 F9 FA FB FC FD  FE FF 00 01 02 03 04 05   ................
0130   06 07 08 09 0A 0B 0C 0D  0E 0F 10 11 12 13 14 15   ................
0140   16 17 18 19 1A 1B 1C 1D  1E 1F 20 21 22 23 24 25   .......... !"#$%
0150   26 27 28 29 2A 2B 2C 2D  2E 2F 30 31 32 33 34 35   &'()*+,-./012345
0160   36 37 38 39 3A 3B 3C 3D  3E 3F 40 41 42 43 44 45   6789:;<=>?@ABCDE
0170   46 47 48 49 4A 4B 4C 4D  4E 4F 50 51 52 53 54 55   FGHIJKLMNOPQRSTU
0180   56 57 58 59 5A 5B 5C 5D  5E 5F 60 61 62 63 64 65   VWXYZ[\]^_`abcde
0190   66 67 68 69 6A 6B 6C 6D  6E 6F 70 71 72 73 74 75   fghijklmnopqrstu
01a0   76 77 78 79 7A 7B 7C 7D  7E 7F 80 81 82 83 84 85   vwxyz{|}~.......
01b0   86 87 88 89 8A 8B 8C 8D  8E 8F 90 91 92 93 94 95   ................
01c0   96 97 98 99 9A 9B 9C 9D  9E 9F A0 A1 A2 A3 A4 A5   ................
01d0   A6 A7 A8 A9 AA AB AC AD  AE AF B0 B1 B2 B3 B4 B5   ................
01e0   B6 B7 B8 B9 BA BB BC BD  BE BF C0 C1 C2 C3 C4 C5   ................
01f0   C6 C7 C8 C9 CA CB CC CD  CE CF D0 D1 D2 D3 D4 D5   ................
0200   D6 D7 D8 D9 DA DB DC DD  DE DF E0 E1 E2 E3 E4 E5   ................
0210   E6 E7 E8 E9 EA EB EC ED  EE EF F0 F1 F2 F3 F4 F5   ................
0220   F6 F7 F8 F9 FA FB FC FD  FE FF 00 01 02 03 04 05   ................
0230   06 07 08 09 0A 0B 0C 0D  0E 0F 10 11 12 13 14 15   ................
0240   16 17 18 19 1A 1B 1C 1D  00 9B E7 DB 83 79         .............y
None
590
]]></system-out></testcase><testcase classname="scapy_pkt_builder_test.CTRexPktBuilderSanitySCapy_Test" name="test_simple_pkt_loader2" time="0.002"></testcase><testcase classname="scapy_pkt_builder_test.CTRexPktBuilderSanitySCapy_Test" name="test_simple_pkt_loader3" time="0.008"><system-out><![CDATA[
0000   00 00 00 01 00 00 00 00  00 02 00 00 08 00 45 00   ..............E.
0010   00 5C 00 01 00 00 40 11  3A 8F 10 00 00 01 30 00   .\....@.:.....0.
0020   00 01 04 01 00 0C 00 48  10 A5 55 55 55 55 55 55   .......H..UUUUUU
0030   55 55 55 55 55 55 55 55  55 55 55 55 55 55 55 55   UUUUUUUUUUUUUUUU
0040   55 55 55 55 55 55 55 55  55 55 55 55 55 55 55 55   UUUUUUUUUUUUUUUU
0050   55 55 55 55 55 55 55 55  55 55 55 55 55 55 55 55   UUUUUUUUUUUUUUUU
0060   55 55 55 55 55 55 55 55  55 55                     UUUUUUUUUU
###[ Ethernet ]###
  dst       = 00:00:00:01:00:00
  src       = 00:00:00:02:00:00
  type      = 0x800
###[ IP ]###
     version   = 4L
     ihl       = 5L
     tos       = 0x0
     len       = 92
     id        = 1
     flags     = 
     frag      = 0L
     ttl       = 64
     proto     = udp
     chksum    = 0x3a8f
     src       = 16.0.0.1
     dst       = 48.0.0.1
     \options   \
###[ UDP ]###
        sport     = 1025
        dport     = 12
        len       = 72
        chksum    = 0x10a5
###[ Raw ]###
           load      = 'UUUUUUUUUUUUUUUUUUUUUUUUUUUUUUUUUUUUUUUUUUUUUUUUUUUUUUUUUUUUUUUU'
]]></system-out></testcase><testcase classname="scapy_pkt_builder_test.CTRexPktBuilderSanitySCapy_Test" name="test_simple_random_pkt_size" time="0.007"><system-out><![CDATA[instructions:
- init_value: 64
  max_value: 9230
  min_value: 64
  name: fv_rand
  op: random
  size: 2
  step: 1
  type: flow_var
- name: fv_rand
  type: trim_pkt_size
- add_value: -14
  is_big_endian: true
  name: fv_rand
  pkt_offset: 16
  type: write_flow_var
- pkt_offset: 14
  type: fix_checksum_ipv4
- add_value: -34
  is_big_endian: true
  name: fv_rand
  pkt_offset: 38
  type: write_flow_var
split_by_var: ''

]]></system-out></testcase><testcase classname="scapy_pkt_builder_test.CTRexPktBuilderSanitySCapy_Test" name="test_simple_scapy_128_udp" time="0.008"><system-out><![CDATA[###[ Ethernet ]###
  dst       = 00:00:00:01:00:00
  src       = 00:00:00:01:00:00
  type      = 0x800
###[ IP ]###
     version   = 4L
     ihl       = 5L
     tos       = 0x0
     len       = 114
     id        = 1
     flags     = 
     frag      = 0L
     ttl       = 64
     proto     = udp
     chksum    = 0x3a79
     src       = 16.0.0.1
     dst       = 48.0.0.1
     \options   \
###[ UDP ]###
        sport     = 1025
        dport     = 12
        len       = 94
        chksum    = 0xcb33
###[ Raw ]###
           load      = '55555555555555555555555555555555555555555555555555555555555555555555555555555555555555'
0000   00 00 00 01 00 00 00 00  00 01 00 00 08 00 45 00   ..............E.
0010   00 72 00 01 00 00 40 11  3A 79 10 00 00 01 30 00   .r....@.:y....0.
0020   00 01 04 01 00 0C 00 5E  CB 33 35 35 35 35 35 35   .......^.3555555
0030   35 35 35 35 35 35 35 35  35 35 35 35 35 35 35 35   5555555555555555
0040   35 35 35 35 35 35 35 35  35 35 35 35 35 35 35 35   5555555555555555
0050   35 35 35 35 35 35 35 35  35 35 35 35 35 35 35 35   5555555555555555
0060   35 35 35 35 35 35 35 35  35 35 35 35 35 35 35 35   5555555555555555
0070   35 35 35 35 35 35 35 35  35 35 35 35 35 35 35 35   5555555555555555
]]></system-out></testcase><testcase classname="scapy_pkt_builder_test.CTRexPktBuilderSanitySCapy_Test" name="test_simple_scapy_9k_ip_len" time="0.003"></testcase><testcase classname="scapy_pkt_builder_test.CTRexPktBuilderSanitySCapy_Test" name="test_simple_scapy_ipv6_1" time="0.007"><system-out><![CDATA[start 
0000   00 00 00 01 00 00 00 00  00 02 00 00 86 DD 60 00   ..............`.
0010   00 00 00 48 11 40 00 00  00 00 00 00 00 00 00 00   ...H.@..........
0020   00 00 00 00 00 02 00 00  00 00 00 00 00 00 00 00   ................
0030   00 00 00 00 00 01 04 01  00 0C 00 48 50 A4 55 55   ...........HP.UU
0040   55 55 55 55 55 55 55 55  55 55 55 55 55 55 55 55   UUUUUUUUUUUUUUUU
0050   55 55 55 55 55 55 55 55  55 55 55 55 55 55 55 55   UUUUUUUUUUUUUUUU
0060   55 55 55 55 55 55 55 55  55 55 55 55 55 55 55 55   UUUUUUUUUUUUUUUU
0070   55 55 55 55 55 55 55 55  55 55 55 55 55 55         UUUUUUUUUUUUUU
###[ Ethernet ]###
  dst       = 00:00:00:01:00:00
  src       = 00:00:00:02:00:00
  type      = 0x86dd
###[ IPv6 ]###
     version   = 6L
     tc        = 0L
     fl        = 0L
     plen      = 72
     nh        = UDP
     hlim      = 64
     src       = ::2
     dst       = ::1
###[ UDP ]###
        sport     = 1025
        dport     = 12
        len       = 72
        chksum    = 0x50a4
###[ Raw ]###
           load      = 'UUUUUUUUUUUUUUUUUUUUUUUUUUUUUUUUUUUUUUUUUUUUUUUUUUUUUUUUUUUUUUUU'
]]></system-out></testcase><testcase classname="scapy_pkt_builder_test.CTRexPktBuilderSanitySCapy_Test" name="test_simple_scapy_vlan" time="0.009"><system-out><![CDATA[Ethernet offset : 0
802.1Q offset : 14
802.1Q offset : 18
IP offset : 22
UDP offset : 42
Raw offset : 50
###[ Ethernet ]###
  dst       = 00:00:00:01:00:00
  src       = 00:00:00:01:00:00
  type      = 0x8100
###[ 802.1Q ]###
     prio      = 0L
     id        = 0L
     vlan      = 12L
     type      = 0x8100
###[ 802.1Q ]###
        prio      = 0L
        id        = 0L
        vlan      = 17L
        type      = 0x800
###[ IP ]###
           version   = 4L
           ihl       = 5L
           tos       = 0x0
           len       = 37
           id        = 1
           flags     = 
           frag      = 0L
           ttl       = 64
           proto     = udp
           chksum    = 0x40bd
           src       = 10.0.0.10
           dst       = 48.0.0.1
           \options   \
###[ UDP ]###
              sport     = 1025
              dport     = 12
              len       = 17
              chksum    = 0xb7df
###[ Raw ]###
                 load      = '555555555'
0000   00 00 00 01 00 00 00 00  00 01 00 00 81 00 00 0C   ................
0010   81 00 00 11 08 00 45 00  00 25 00 01 00 00 40 11   ......E..%....@.
0020   40 BD 0A 00 00 0A 30 00  00 01 04 01 00 0C 00 11   @.....0.........
0030   B7 DF 35 35 35 35 35 35  35 35 35                  ..555555555
]]></system-out></testcase><testcase classname="scapy_pkt_builder_test.CTRexPktBuilderSanitySCapy_Test" name="test_simple_teredo" time="0.004"></testcase><testcase classname="scapy_pkt_builder_test.CTRexPktBuilderSanitySCapy_Test" name="test_simple_tuple_gen" time="0.006"><system-out><![CDATA[instructions:
- flags: 0
  ip_max: 10
  ip_min: 1
  limit_flows: 100000
  name: tuple
  port_max: 65535
  port_min: 1025
  type: tuple_flow_var
- add_value: 0
  is_big_endian: true
  name: tuple.ip
  pkt_offset: 30
  type: write_flow_var
- pkt_offset: 18
  type: fix_checksum_ipv4
- add_value: 0
  is_big_endian: true
  name: tuple.port
  pkt_offset: 38
  type: write_flow_var
split_by_var: ''

]]></system-out></testcase><testcase classname="scapy_pkt_builder_test.CTRexPktBuilderSanitySCapy_Test" name="test_simple_vm1" time="0.005"><system-out><![CDATA[instructions:
- init_value: 268435457
  max_value: 268435466
  min_value: 268435457
  name: a
  op: inc
  size: 4
  step: 1
  type: flow_var
- add_value: 0
  is_big_endian: true
  name: a
  pkt_offset: 26
  type: write_flow_var
- pkt_offset: 14
  type: fix_checksum_ipv4
split_by_var: ''

{'split_by_var': '', 'instructions': [{'name': 'a', 'max_value': 268435466, 'min_value': 268435457, 'init_value': 268435457, 'step': 1, 'size': 4, 'type': 'flow_var', 'op': 'inc'}, {'is_big_endian': True, 'pkt_offset': 26, 'type': 'write_flow_var', 'name': 'a', 'add_value': 0}, {'pkt_offset': 14, 'type': 'fix_checksum_ipv4'}]}
]]></system-out></testcase><testcase classname="scapy_pkt_builder_test.CTRexPktBuilderSanitySCapy_Test" name="test_simple_vm2" time="0.004"></testcase><testcase classname="scapy_pkt_builder_test.CTRexPktBuilderSanitySCapy_Test" name="test_simple_vm3" time="0.003"></testcase><testcase classname="stl_basic_tests.CStlBasic_Test" name="test_hlt_profiles" time="0.137"><failure type="exceptions.AssertionError" message="Simulation on profile hlt/hlt_udp_inc_dec_len_9k.py failed.&#10;    'False != True' = '%s != %s' % (safe_repr(False), safe_repr(True))&#10;    'Simulation on profile hlt/hlt_udp_inc_dec_len_9k.py failed.' = self._formatMessage('Simulation on profile hlt/hlt_udp_inc_dec_len_9k.py failed.', 'False != True')&#10;&gt;&gt;  raise self.failureException('Simulation on profile hlt/hlt_udp_inc_dec_len_9k.py failed.')&#10;    "><![CDATA[  File "/sw/packages/python/2.7.4/lib/python2.7/unittest/case.py", line 332, in run
    testMethod()
  File "/auto/srg-sce-swinfra-usr/emb/users/hhaim/work/depot/asr1k/emb/private/hhaim/bp_sim_git/trex-core/scripts/external_libs/nose-1.3.4/python2/nose/case.py", line 197, in runTest
    self.test(*self.arg)
  File "/auto/srg-sce-swinfra-usr/emb/users/hhaim/work/depot/asr1k/emb/private/hhaim/bp_sim_git/trex-core/scripts/automation/regression/functional_tests/stl_basic_tests.py", line 316, in test_hlt_profiles
    self.run_py_profile_path (obj[0], obj[1], compare =obj[2], do_no_remove=True, do_no_remove_generated = False, tunables = obj[3])
  File "/auto/srg-sce-swinfra-usr/emb/users/hhaim/work/depot/asr1k/emb/private/hhaim/bp_sim_git/trex-core/scripts/automation/regression/functional_tests/stl_basic_tests.py", line 185, in run_py_profile_path
    assert_equal(rc, True, 'Simulation on profile %s failed.' % profile)
  File "/sw/packages/python/2.7.4/lib/python2.7/unittest/case.py", line 516, in assertEqual
    assertion_func(first, second, msg=msg)
  File "/sw/packages/python/2.7.4/lib/python2.7/unittest/case.py", line 509, in _baseAssertEqual
    raise self.failureException(msg)
Simulation on profile hlt/hlt_udp_inc_dec_len_9k.py failed.
    'False != True' = '%s != %s' % (safe_repr(False), safe_repr(True))
    'Simulation on profile hlt/hlt_udp_inc_dec_len_9k.py failed.' = self._formatMessage('Simulation on profile hlt/hlt_udp_inc_dec_len_9k.py failed.', 'False != True')
>>  raise self.failureException('Simulation on profile hlt/hlt_udp_inc_dec_len_9k.py failed.')
    ]]></failure><system-out><![CDATA[Testing profile: hlt/hlt_udp_inc_dec_len_9k.py
executing command: '/auto/srg-sce-swinfra-usr/emb/users/hhaim/work/depot/asr1k/emb/private/hhaim/bp_sim_git/trex-core/scripts/bp-sim-64-debug --pcap --sl --cores 1 --limit 20 -f /tmp/tmpuPDWgq -o generated/a.pcap'

?[1m******?[22m

?[4mException stack (most recent call last):?[24m

#3     ?[1mtrex_stl_sim.py?[22m:?[1m604?[22m              - '?[1mtunables = options.tunables)?[22m'
#2     ?[1mtrex_stl_sim.py?[22m:?[1m209?[22m              - '?[1mself.__run(cmds_json)?[22m'
#1     ?[1mtrex_stl_sim.py?[22m:?[1m225?[22m              - '?[1mself.execute_bp_sim(f.name)?[22m'
#0     ?[1mtrex_stl_sim.py?[22m:?[1m276?[22m              - '?[1mraise STLError('simulation has failed with error code {0}'.format(rc))?[22m'

?[4mSummary error message:?[24m

?[1msimulation has failed with error code 1?[22m

]]></system-out></testcase><testcase classname="stl_basic_tests.CStlBasic_Test" name="test_multicore_scheduling" time="0.019"><failure type="exceptions.AssertionError" message="False != True&#10;    'False != True' = '%s != %s' % (safe_repr(False), safe_repr(True))&#10;    'False != True' = self._formatMessage('False != True', 'False != True')&#10;&gt;&gt;  raise self.failureException('False != True')&#10;    "><![CDATA[  File "/sw/packages/python/2.7.4/lib/python2.7/unittest/case.py", line 332, in run
    testMethod()
  File "/auto/srg-sce-swinfra-usr/emb/users/hhaim/work/depot/asr1k/emb/private/hhaim/bp_sim_git/trex-core/scripts/external_libs/nose-1.3.4/python2/nose/case.py", line 197, in runTest
    self.test(*self.arg)
  File "/auto/srg-sce-swinfra-usr/emb/users/hhaim/work/depot/asr1k/emb/private/hhaim/bp_sim_git/trex-core/scripts/automation/regression/functional_tests/stl_basic_tests.py", line 347, in test_multicore_scheduling
    assert_equal(rc, True)
  File "/sw/packages/python/2.7.4/lib/python2.7/unittest/case.py", line 516, in assertEqual
    assertion_func(first, second, msg=msg)
  File "/sw/packages/python/2.7.4/lib/python2.7/unittest/case.py", line 509, in _baseAssertEqual
    raise self.failureException(msg)
False != True
    'False != True' = '%s != %s' % (safe_repr(False), safe_repr(True))
    'False != True' = self._formatMessage('False != True', 'False != True')
>>  raise self.failureException('False != True')
    ]]></failure><system-out><![CDATA[
?[4mTesting multiple flow vars for multicore?[24m

executing command: '/auto/srg-sce-swinfra-usr/emb/users/hhaim/work/depot/asr1k/emb/private/hhaim/bp_sim_git/trex-core/scripts/bp-sim-64-debug --pcap --sl --cores 1 --limit 840 -f /tmp/tmpdI9I25 -o generated/1.cap'

?[1m******?[22m

?[4mException stack (most recent call last):?[24m

#4     ?[1mtrex_stl_sim.py?[22m:?[1m592?[22m              - '?[1mtest_multi_core(r, options)?[22m'
#3     ?[1mtrex_stl_sim.py?[22m:?[1m550?[22m              - '?[1mtunables = options.tunables)?[22m'
#2     ?[1mtrex_stl_sim.py?[22m:?[1m209?[22m              - '?[1mself.__run(cmds_json)?[22m'
#1     ?[1mtrex_stl_sim.py?[22m:?[1m225?[22m              - '?[1mself.execute_bp_sim(f.name)?[22m'
#0     ?[1mtrex_stl_sim.py?[22m:?[1m276?[22m              - '?[1mraise STLError('simulation has failed with error code {0}'.format(rc))?[22m'

?[4mSummary error message:?[24m

?[1msimulation has failed with error code 1?[22m

]]></system-out></testcase><testcase classname="stl_basic_tests.CStlBasic_Test" name="test_stl_profiles" time="0.025"><failure type="exceptions.AssertionError" message="Simulation on profile udp_1pkt_1mac_override.py failed.&#10;    'False != True' = '%s != %s' % (safe_repr(False), safe_repr(True))&#10;    'Simulation on profile udp_1pkt_1mac_override.py failed.' = self._formatMessage('Simulation on profile udp_1pkt_1mac_override.py failed.', 'False != True')&#10;&gt;&gt;  raise self.failureException('Simulation on profile udp_1pkt_1mac_override.py failed.')&#10;    "><![CDATA[  File "/sw/packages/python/2.7.4/lib/python2.7/unittest/case.py", line 332, in run
    testMethod()
  File "/auto/srg-sce-swinfra-usr/emb/users/hhaim/work/depot/asr1k/emb/private/hhaim/bp_sim_git/trex-core/scripts/external_libs/nose-1.3.4/python2/nose/case.py", line 197, in runTest
    self.test(*self.arg)
  File "/auto/srg-sce-swinfra-usr/emb/users/hhaim/work/depot/asr1k/emb/private/hhaim/bp_sim_git/trex-core/scripts/automation/regression/functional_tests/stl_basic_tests.py", line 287, in test_stl_profiles
    self.run_py_profile_path (obj[0],obj[1],compare =obj[2], test_generated = test_generated, do_no_remove=True, do_no_remove_generated = False)
  File "/auto/srg-sce-swinfra-usr/emb/users/hhaim/work/depot/asr1k/emb/private/hhaim/bp_sim_git/trex-core/scripts/automation/regression/functional_tests/stl_basic_tests.py", line 185, in run_py_profile_path
    assert_equal(rc, True, 'Simulation on profile %s failed.' % profile)
  File "/sw/packages/python/2.7.4/lib/python2.7/unittest/case.py", line 516, in assertEqual
    assertion_func(first, second, msg=msg)
  File "/sw/packages/python/2.7.4/lib/python2.7/unittest/case.py", line 509, in _baseAssertEqual
    raise self.failureException(msg)
Simulation on profile udp_1pkt_1mac_override.py failed.
    'False != True' = '%s != %s' % (safe_repr(False), safe_repr(True))
    'Simulation on profile udp_1pkt_1mac_override.py failed.' = self._formatMessage('Simulation on profile udp_1pkt_1mac_override.py failed.', 'False != True')
>>  raise self.failureException('Simulation on profile udp_1pkt_1mac_override.py failed.')
    ]]></failure><system-out><![CDATA[Testing profile: udp_1pkt_1mac_override.py
executing command: '/auto/srg-sce-swinfra-usr/emb/users/hhaim/work/depot/asr1k/emb/private/hhaim/bp_sim_git/trex-core/scripts/bp-sim-64-debug --pcap --sl --cores 1 --limit 50 -f /tmp/tmp6pncYJ -o generated/a.pcap'

?[1m******?[22m

?[4mException stack (most recent call last):?[24m

#3     ?[1mtrex_stl_sim.py?[22m:?[1m604?[22m              - '?[1mtunables = options.tunables)?[22m'
#2     ?[1mtrex_stl_sim.py?[22m:?[1m209?[22m              - '?[1mself.__run(cmds_json)?[22m'
#1     ?[1mtrex_stl_sim.py?[22m:?[1m225?[22m              - '?[1mself.execute_bp_sim(f.name)?[22m'
#0     ?[1mtrex_stl_sim.py?[22m:?[1m276?[22m              - '?[1mraise STLError('simulation has failed with error code {0}'.format(rc))?[22m'

?[4mSummary error message:?[24m

?[1msimulation has failed with error code 1?[22m

]]></system-out></testcase><testcase classname="stl_basic_tests.CStlBasic_Test" name="test_valgrind_various_profiles" time="0.785"><failure type="exceptions.AssertionError" message="False != True&#10;    'False != True' = '%s != %s' % (safe_repr(False), safe_repr(True))&#10;    'False != True' = self._formatMessage('False != True', 'False != True')&#10;&gt;&gt;  raise self.failureException('False != True')&#10;    "><![CDATA[  File "/sw/packages/python/2.7.4/lib/python2.7/unittest/case.py", line 332, in run
    testMethod()
  File "/auto/srg-sce-swinfra-usr/emb/users/hhaim/work/depot/asr1k/emb/private/hhaim/bp_sim_git/trex-core/scripts/external_libs/nose-1.3.4/python2/nose/case.py", line 197, in runTest
    self.test(*self.arg)
  File "/auto/srg-sce-swinfra-usr/emb/users/hhaim/work/depot/asr1k/emb/private/hhaim/bp_sim_git/trex-core/scripts/automation/regression/functional_tests/stl_basic_tests.py", line 336, in test_valgrind_various_profiles
    assert_equal(obj['rc'], True)
  File "/sw/packages/python/2.7.4/lib/python2.7/unittest/case.py", line 516, in assertEqual
    assertion_func(first, second, msg=msg)
  File "/sw/packages/python/2.7.4/lib/python2.7/unittest/case.py", line 509, in _baseAssertEqual
    raise self.failureException(msg)
False != True
    'False != True' = '%s != %s' % (safe_repr(False), safe_repr(True))
    'False != True' = self._formatMessage('False != True', 'False != True')
>>  raise self.failureException('False != True')
    ]]></failure><system-out><![CDATA[


*** VALGRIND: testing profile '/auto/srg-sce-swinfra-usr/emb/users/hhaim/work/depot/asr1k/emb/private/hhaim/bp_sim_git/trex-core/scripts/stl/yaml/imix_3pkt_vm.yaml' ***


*** VALGRIND: testing profile '/auto/srg-sce-swinfra-usr/emb/users/hhaim/work/depot/asr1k/emb/private/hhaim/bp_sim_git/trex-core/scripts/stl/yaml/../udp_rand_len_9k.py' ***


*** VALGRIND: testing profile '/auto/srg-sce-swinfra-usr/emb/users/hhaim/work/depot/asr1k/emb/private/hhaim/bp_sim_git/trex-core/scripts/stl/yaml/imix_1pkt_tuple_gen.yaml' ***

executing command: 'valgrind --leak-check=full --error-exitcode=1 /auto/srg-sce-swinfra-usr/emb/users/hhaim/work/depot/asr1k/emb/private/hhaim/bp_sim_git/trex-core/scripts/bp-sim-64-debug --pcap --sl --cores 8 --limit 20 -f /tmp/tmp3tjhxt --dry -o /dev/null'
executing command: 'valgrind --leak-check=full --error-exitcode=1 /auto/srg-sce-swinfra-usr/emb/users/hhaim/work/depot/asr1k/emb/private/hhaim/bp_sim_git/trex-core/scripts/bp-sim-64-debug --pcap --sl --cores 8 --limit 20 -f /tmp/tmp6l4AxH --dry -o /dev/null'
executing command: 'valgrind --leak-check=full --error-exitcode=1 /auto/srg-sce-swinfra-usr/emb/users/hhaim/work/depot/asr1k/emb/private/hhaim/bp_sim_git/trex-core/scripts/bp-sim-64-debug --pcap --sl --cores 8 --limit 20 -f /tmp/tmpMRs4Ez --dry -o /dev/null'

?[1m******?[22m

?[4mException stack (most recent call last):?[24m

#3     ?[1mtrex_stl_sim.py?[22m:?[1m604?[22m              - '?[1mtunables = options.tunables)?[22m'
#2     ?[1mtrex_stl_sim.py?[22m:?[1m209?[22m              - '?[1mself.__run(cmds_json)?[22m'
#1     ?[1mtrex_stl_sim.py?[22m:?[1m225?[22m              - '?[1mself.execute_bp_sim(f.name)?[22m'
#0     ?[1mtrex_stl_sim.py?[22m:?[1m276?[22m              - '?[1mraise STLError('simulation has failed with error code {0}'.format(rc))?[22m'

?[4mSummary error message:?[24m

?[1msimulation has failed with error code 1?[22m


?[1m******?[22m

?[4mException stack (most recent call last):?[24m

#3     ?[1mtrex_stl_sim.py?[22m:?[1m604?[22m              - '?[1mtunables = options.tunables)?[22m'
#2     ?[1mtrex_stl_sim.py?[22m:?[1m209?[22m              - '?[1mself.__run(cmds_json)?[22m'
#1     ?[1mtrex_stl_sim.py?[22m:?[1m225?[22m              - '?[1mself.execute_bp_sim(f.name)?[22m'
#0     ?[1mtrex_stl_sim.py?[22m:?[1m276?[22m              - '?[1mraise STLError('simulation has failed with error code {0}'.format(rc))?[22m'

?[4mSummary error message:?[24m

?[1msimulation has failed with error code 1?[22m


?[1m******?[22m

?[4mException stack (most recent call last):?[24m

#3     ?[1mtrex_stl_sim.py?[22m:?[1m604?[22m              - '?[1mtunables = options.tunables)?[22m'
#2     ?[1mtrex_stl_sim.py?[22m:?[1m209?[22m              - '?[1mself.__run(cmds_json)?[22m'
#1     ?[1mtrex_stl_sim.py?[22m:?[1m225?[22m              - '?[1mself.execute_bp_sim(f.name)?[22m'
#0     ?[1mtrex_stl_sim.py?[22m:?[1m276?[22m              - '?[1mraise STLError('simulation has failed with error code {0}'.format(rc))?[22m'

?[4mSummary error message:?[24m

?[1msimulation has failed with error code 1?[22m

]]></system-out></testcase><testcase classname="nose.failure.Failure" name="runTest" time="0.001"><error type="exceptions.ImportError" message="No module named netstat"><![CDATA[Traceback (most recent call last):
  File "/sw/packages/python/2.7.4/lib/python2.7/unittest/case.py", line 332, in run
    testMethod()
  File "/auto/srg-sce-swinfra-usr/emb/users/hhaim/work/depot/asr1k/emb/private/hhaim/bp_sim_git/trex-core/scripts/external_libs/nose-1.3.4/python2/nose/loader.py", line 414, in loadTestsFromName
    addr.filename, addr.module)
  File "/auto/srg-sce-swinfra-usr/emb/users/hhaim/work/depot/asr1k/emb/private/hhaim/bp_sim_git/trex-core/scripts/external_libs/nose-1.3.4/python2/nose/importer.py", line 47, in importFromPath
    return self.importFromDir(dir_path, fqname)
  File "/auto/srg-sce-swinfra-usr/emb/users/hhaim/work/depot/asr1k/emb/private/hhaim/bp_sim_git/trex-core/scripts/external_libs/nose-1.3.4/python2/nose/importer.py", line 94, in importFromDir
    mod = load_module(part_fqname, fh, filename, desc)
  File "/auto/srg-sce-swinfra-usr/emb/users/hhaim/work/depot/asr1k/emb/private/hhaim/bp_sim_git/trex-core/scripts/automation/regression/functional_tests/trex_cfg_creator_test.py", line 8, in <module>
    from dpdk_setup_ports import ConfigCreator, DpdkSetup
  File "/auto/srg-sce-swinfra-usr/emb/users/hhaim/work/depot/asr1k/emb/private/hhaim/bp_sim_git/trex-core/scripts/dpdk_setup_ports.py", line 10, in <module>
    import dpdk_nic_bind
  File "/auto/srg-sce-swinfra-usr/emb/users/hhaim/work/depot/asr1k/emb/private/hhaim/bp_sim_git/trex-core/scripts/dpdk_nic_bind.py", line 45, in <module>
    import netstat
ImportError: No module named netstat
]]></error></testcase></testsuite>